<?xml version="1.0" encoding="UTF-8"?>
<!-- Generated by org.testng.reporters.JUnitReportReporter -->
<testsuite hostname="LanTheMan" failures="0" tests="1" name="ecommerceTests.Seach_and_AddCart_Test" time="82.768" errors="0" timestamp="2022-10-06T15:20:55 IST" skipped="0">
  <testcase classname="ecommerceTests.Seach_and_AddCart_Test" name="search_addCar_Test" time="82.768"/>
  <system-out/>
</testsuite> <!-- ecommerceTests.Seach_and_AddCart_Test -->
