<?xml version="1.0" encoding="UTF-8"?>
<!-- Generated by org.testng.reporters.JUnitReportReporter -->
<testsuite hostname="LanTheMan" failures="0" tests="1" name="ecommerceTests.ProductDetailsTest" time="89.360" errors="0" timestamp="2022-10-06T15:20:55 IST" skipped="0">
  <testcase classname="ecommerceTests.ProductDetailsTest" name="product_more_details_addCart_Test" time="89.360"/>
  <system-out/>
</testsuite> <!-- ecommerceTests.ProductDetailsTest -->
