<?xml version="1.0" encoding="UTF-8"?>
<!-- Generated by org.testng.reporters.JUnitReportReporter -->
<testsuite hostname="LanTheMan" failures="0" tests="1" name="ecommerceTests.LoginTest" time="51.560" errors="0" timestamp="2022-10-06T15:20:55 IST" skipped="0">
  <testcase classname="ecommerceTests.LoginTest" name="loginTest" time="51.560"/>
  <system-out/>
</testsuite> <!-- ecommerceTests.LoginTest -->
